# JRE version: Java(TM) SE Runtime Environment (8.0_201-b09) (build 1.8.0_201-b09)
# Java VM: Java HotSpot(TM) 64-Bit Server VM (25.201-b09 mixed mode windows-amd64 compressed oops)
Heap:
 PSYoungGen      total 288768K, used 169055K [0x00000000d5f00000, 0x00000000ea300000, 0x0000000100000000)
  eden space 259072K, 56% used [0x00000000d5f00000,0x00000000ded17928,0x00000000e5c00000)
  from space 29696K, 79% used [0x00000000e8600000,0x00000000e9d00400,0x00000000ea300000)
  to   space 36352K, 0% used [0x00000000e5c00000,0x00000000e5c00000,0x00000000e7f80000)
 ParOldGen       total 198144K, used 113226K [0x0000000081c00000, 0x000000008dd80000, 0x00000000d5f00000)
  object space 198144K, 57% used [0x0000000081c00000,0x0000000088a92910,0x000000008dd80000)
 Metaspace       used 58878K, capacity 62109K, committed 62168K, reserved 1103872K
  class space    used 7933K, capacity 8651K, committed 8664K, reserved 1048576K
GC Heap History (10 events):
Event: 7.204 GC heap before
{Heap before GC invocations=11 (full 2):
 PSYoungGen      total 174592K, used 6776K [0x00000000d5f00000, 0x00000000e4980000, 0x0000000100000000)
  eden space 162816K, 0% used [0x00000000d5f00000,0x00000000d5f00000,0x00000000dfe00000)
  from space 11776K, 57% used [0x00000000dfe00000,0x00000000e049e340,0x00000000e0980000)
  to   space 11264K, 0% used [0x00000000e3e80000,0x00000000e3e80000,0x00000000e4980000)
 ParOldGen       total 59392K, used 12504K [0x0000000081c00000, 0x0000000085600000, 0x00000000d5f00000)
  object space 59392K, 21% used [0x0000000081c00000,0x0000000082836200,0x0000000085600000)
 Metaspace       used 33891K, capacity 35393K, committed 35416K, reserved 1079296K
  class space    used 4380K, capacity 4673K, committed 4696K, reserved 1048576K
Event: 7.295 GC heap after
Heap after GC invocations=11 (full 2):
 PSYoungGen      total 174592K, used 0K [0x00000000d5f00000, 0x00000000e4980000, 0x0000000100000000)
  eden space 162816K, 0% used [0x00000000d5f00000,0x00000000d5f00000,0x00000000dfe00000)
  from space 11776K, 0% used [0x00000000dfe00000,0x00000000dfe00000,0x00000000e0980000)
  to   space 11264K, 0% used [0x00000000e3e80000,0x00000000e3e80000,0x00000000e4980000)
 ParOldGen       total 83968K, used 13197K [0x0000000081c00000, 0x0000000086e00000, 0x00000000d5f00000)
  object space 83968K, 15% used [0x0000000081c00000,0x00000000828e35d0,0x0000000086e00000)
 Metaspace       used 33891K, capacity 35393K, committed 35416K, reserved 1079296K
  class space    used 4380K, capacity 4673K, committed 4696K, reserved 1048576K
}
Event: 9.337 GC heap before
{Heap before GC invocations=12 (full 2):
 PSYoungGen      total 174592K, used 162816K [0x00000000d5f00000, 0x00000000e4980000, 0x0000000100000000)
  eden space 162816K, 100% used [0x00000000d5f00000,0x00000000dfe00000,0x00000000dfe00000)
  from space 11776K, 0% used [0x00000000dfe00000,0x00000000dfe00000,0x00000000e0980000)
  to   space 11264K, 0% used [0x00000000e3e80000,0x00000000e3e80000,0x00000000e4980000)
 ParOldGen       total 83968K, used 13197K [0x0000000081c00000, 0x0000000086e00000, 0x00000000d5f00000)
  object space 83968K, 15% used [0x0000000081c00000,0x00000000828e35d0,0x0000000086e00000)
 Metaspace       used 41198K, capacity 43163K, committed 43480K, reserved 1087488K
  class space    used 5356K, capacity 5752K, committed 5848K, reserved 1048576K
Event: 9.346 GC heap after
Heap after GC invocations=12 (full 2):
 PSYoungGen      total 219648K, used 9988K [0x00000000d5f00000, 0x00000000e4880000, 0x0000000100000000)
  eden space 209408K, 0% used [0x00000000d5f00000,0x00000000d5f00000,0x00000000e2b80000)
  from space 10240K, 97% used [0x00000000e3e80000,0x00000000e48411b8,0x00000000e4880000)
  to   space 12288K, 0% used [0x00000000e3080000,0x00000000e3080000,0x00000000e3c80000)
 ParOldGen       total 83968K, used 13205K [0x0000000081c00000, 0x0000000086e00000, 0x00000000d5f00000)
  object space 83968K, 15% used [0x0000000081c00000,0x00000000828e55d0,0x0000000086e00000)
 Metaspace       used 41198K, capacity 43163K, committed 43480K, reserved 1087488K
  class space    used 5356K, capacity 5752K, committed 5848K, reserved 1048576K
}
Event: 11.814 GC heap before
{Heap before GC invocations=13 (full 2):
 PSYoungGen      total 219648K, used 219396K [0x00000000d5f00000, 0x00000000e4880000, 0x0000000100000000)
  eden space 209408K, 100% used [0x00000000d5f00000,0x00000000e2b80000,0x00000000e2b80000)
  from space 10240K, 97% used [0x00000000e3e80000,0x00000000e48411b8,0x00000000e4880000)
  to   space 12288K, 0% used [0x00000000e3080000,0x00000000e3080000,0x00000000e3c80000)
 ParOldGen       total 83968K, used 13205K [0x0000000081c00000, 0x0000000086e00000, 0x00000000d5f00000)
  object space 83968K, 15% used [0x0000000081c00000,0x00000000828e55d0,0x0000000086e00000)
 Metaspace       used 54220K, capacity 56807K, committed 57048K, reserved 1097728K
  class space    used 7216K, capacity 7858K, committed 7896K, reserved 1048576K
Event: 11.845 GC heap after
Heap after GC invocations=13 (full 2):
 PSYoungGen      total 226816K, used 12261K [0x00000000d5f00000, 0x00000000ea780000, 0x0000000100000000)
  eden space 214528K, 0% used [0x00000000d5f00000,0x00000000d5f00000,0x00000000e3080000)
  from space 12288K, 99% used [0x00000000e3080000,0x00000000e3c796d0,0x00000000e3c80000)
  to   space 34304K, 0% used [0x00000000e8600000,0x00000000e8600000,0x00000000ea780000)
 ParOldGen       total 83968K, used 69603K [0x0000000081c00000, 0x0000000086e00000, 0x00000000d5f00000)
  object space 83968K, 82% used [0x0000000081c00000,0x0000000085ff8fd0,0x0000000086e00000)
 Metaspace       used 54220K, capacity 56807K, committed 57048K, reserved 1097728K
  class space    used 7216K, capacity 7858K, committed 7896K, reserved 1048576K
}
Event: 11.845 GC heap before
{Heap before GC invocations=14 (full 3):
 PSYoungGen      total 226816K, used 12261K [0x00000000d5f00000, 0x00000000ea780000, 0x0000000100000000)
  eden space 214528K, 0% used [0x00000000d5f00000,0x00000000d5f00000,0x00000000e3080000)
  from space 12288K, 99% used [0x00000000e3080000,0x00000000e3c796d0,0x00000000e3c80000)
  to   space 34304K, 0% used [0x00000000e8600000,0x00000000e8600000,0x00000000ea780000)
 ParOldGen       total 83968K, used 69603K [0x0000000081c00000, 0x0000000086e00000, 0x00000000d5f00000)
  object space 83968K, 82% used [0x0000000081c00000,0x0000000085ff8fd0,0x0000000086e00000)
 Metaspace       used 54220K, capacity 56807K, committed 57048K, reserved 1097728K
  class space    used 7216K, capacity 7858K, committed 7896K, reserved 1048576K
Event: 12.074 GC heap after
Heap after GC invocations=14 (full 3):
 PSYoungGen      total 226816K, used 0K [0x00000000d5f00000, 0x00000000ea780000, 0x0000000100000000)
  eden space 214528K, 0% used [0x00000000d5f00000,0x00000000d5f00000,0x00000000e3080000)
  from space 12288K, 0% used [0x00000000e3080000,0x00000000e3080000,0x00000000e3c80000)
  to   space 34304K, 0% used [0x00000000e8600000,0x00000000e8600000,0x00000000ea780000)
 ParOldGen       total 198144K, used 80450K [0x0000000081c00000, 0x000000008dd80000, 0x00000000d5f00000)
  object space 198144K, 40% used [0x0000000081c00000,0x0000000086a908f0,0x000000008dd80000)
 Metaspace       used 54220K, capacity 56807K, committed 57048K, reserved 1097728K
  class space    used 7216K, capacity 7858K, committed 7896K, reserved 1048576K
}
Event: 15.132 GC heap before
{Heap before GC invocations=15 (full 3):
 PSYoungGen      total 226816K, used 214528K [0x00000000d5f00000, 0x00000000ea780000, 0x0000000100000000)
  eden space 214528K, 100% used [0x00000000d5f00000,0x00000000e3080000,0x00000000e3080000)
  from space 12288K, 0% used [0x00000000e3080000,0x00000000e3080000,0x00000000e3c80000)
  to   space 34304K, 0% used [0x00000000e8600000,0x00000000e8600000,0x00000000ea780000)
 ParOldGen       total 198144K, used 80450K [0x0000000081c00000, 0x000000008dd80000, 0x00000000d5f00000)
  object space 198144K, 40% used [0x0000000081c00000,0x0000000086a908f0,0x000000008dd80000)
 Metaspace       used 57179K, capacity 60251K, committed 60376K, reserved 1101824K
  class space    used 7674K, capacity 8354K, committed 8408K, reserved 1048576K
Event: 15.173 GC heap after
Heap after GC invocations=15 (full 3):
 PSYoungGen      total 288768K, used 23553K [0x00000000d5f00000, 0x00000000ea300000, 0x0000000100000000)
  eden space 259072K, 0% used [0x00000000d5f00000,0x00000000d5f00000,0x00000000e5c00000)
  from space 29696K, 79% used [0x00000000e8600000,0x00000000e9d00400,0x00000000ea300000)
  to   space 36352K, 0% used [0x00000000e5c00000,0x00000000e5c00000,0x00000000e7f80000)
 ParOldGen       total 198144K, used 113226K [0x0000000081c00000, 0x000000008dd80000, 0x00000000d5f00000)
  object space 198144K, 57% used [0x0000000081c00000,0x0000000088a92910,0x000000008dd80000)
 Metaspace       used 57179K, capacity 60251K, committed 60376K, reserved 1101824K
  class space    used 7674K, capacity 8354K, committed 8408K, reserved 1048576K
}

